<?xml version="1.0" encoding="UTF-8"?>
<!-- Generated by org.testng.reporters.JUnitReportReporter -->
<testsuite hostname="LAPTOP-S39KFG9R" failures="0" tests="1" name="Test_Scenarios.SearchTest" time="2.186" errors="0" timestamp="2023-02-21T13:04:46 CST" skipped="0">
  <testcase classname="Test_Scenarios.SearchTest" name="SearchTestOp" time="2.186"/>
  <system-out/>
</testsuite> <!-- Test_Scenarios.SearchTest -->
