<?xml version="1.0" encoding="UTF-8"?>
<!-- Generated by org.testng.reporters.JUnitReportReporter -->
<testsuite hostname="LAPTOP-S39KFG9R" failures="0" tests="1" name="com.automation.UI_Project.LoginPage" time="0.023" errors="0" timestamp="2023-02-21T11:47:27 CST" skipped="0">
  <testcase classname="com.automation.UI_Project.LoginPage" name="TestMethod" time="0.023"/>
  <system-out/>
</testsuite> <!-- com.automation.UI_Project.LoginPage -->
